10/ProjectDuolingo/app/build/intermediates/manifest_merge_blame_file/debug/manifest-merger-blame-debug-report.txt
1<?xml version="1.0" encoding="utf-8"?>
2<manifest xmlns:android="http://schemas.android.com/apk/res/android"
3    package="com.example.doulingo"
4    android:versionCode="1"
5    android:versionName="1.0" >
6
7    <uses-sdk
8        android:minSdkVersion="19"
8-->src\main\AndroidManifest.xml
9        android:targetSdkVersion="30" />
9-->src\main\AndroidManifest.xml
10
11    <application
11-->src\main\AndroidManifest.xml:5:5-77:19
12        android:allowBackup="true"
12-->src\main\AndroidManifest.xml:6:9-35
13        android:appComponentFactory="androidx.core.app.CoreComponentFactory"
13-->[androidx.core:core:1.3.1] AndroidManifest.xml:24:18-86
14        android:debuggable="true"
15        android:icon="@mipmap/ic_launcher"
15-->src\main\AndroidManifest.xml:7:9-43
16        android:label="@string/app_name"
16-->src\main\AndroidManifest.xml:8:9-41
17        android:roundIcon="@mipmap/ic_launcher_round"
17-->src\main\AndroidManifest.xml:9:9-54
18        android:supportsRtl="true"
18-->src\main\AndroidManifest.xml:10:9-35
19        android:testOnly="true"
20        android:theme="@style/AppTheme" >
20-->src\main\AndroidManifest.xml:11:9-40
21        <activity android:name="com.example.doulingo.MainActivity2Q1" />
21-->src\main\AndroidManifest.xml:12:9-62
21-->src\main\AndroidManifest.xml:12:19-50
22        <activity android:name="com.example.doulingo.StartScreen" >
22-->src\main\AndroidManifest.xml:14:9-20:20
22-->src\main\AndroidManifest.xml:14:19-46
23            <intent-filter>
23-->src\main\AndroidManifest.xml:15:13-19:29
24                <action android:name="android.intent.action.MAIN" />
24-->src\main\AndroidManifest.xml:16:17-69
24-->src\main\AndroidManifest.xml:16:25-66
25
26                <category android:name="android.intent.category.LAUNCHER" />
26-->src\main\AndroidManifest.xml:18:17-77
26-->src\main\AndroidManifest.xml:18:27-74
27            </intent-filter>
28        </activity>
29        <activity android:name="com.example.doulingo.MainActivityQ1" >
29-->src\main\AndroidManifest.xml:21:9-27:20
29-->src\main\AndroidManifest.xml:21:19-49
30            <intent-filter>
30-->src\main\AndroidManifest.xml:15:13-19:29
31                <action android:name="android.intent.action.MAIN" />
31-->src\main\AndroidManifest.xml:16:17-69
31-->src\main\AndroidManifest.xml:16:25-66
32
33                <category android:name="android.intent.category.LAUNCHER" />
33-->src\main\AndroidManifest.xml:18:17-77
33-->src\main\AndroidManifest.xml:18:27-74
34            </intent-filter>
35        </activity>
36        <activity android:name="com.example.doulingo.MainActivity3Q1" >
36-->src\main\AndroidManifest.xml:28:9-34:20
36-->src\main\AndroidManifest.xml:28:19-50
37            <intent-filter>
37-->src\main\AndroidManifest.xml:15:13-19:29
38                <action android:name="android.intent.action.MAIN" />
38-->src\main\AndroidManifest.xml:16:17-69
38-->src\main\AndroidManifest.xml:16:25-66
39
40                <category android:name="android.intent.category.LAUNCHER" />
40-->src\main\AndroidManifest.xml:18:17-77
40-->src\main\AndroidManifest.xml:18:27-74
41            </intent-filter>
42        </activity>
43        <activity android:name="com.example.doulingo.MainActivity4Q1" >
43-->src\main\AndroidManifest.xml:35:9-41:20
43-->src\main\AndroidManifest.xml:35:19-50
44            <intent-filter>
44-->src\main\AndroidManifest.xml:15:13-19:29
45                <action android:name="android.intent.action.MAIN" />
45-->src\main\AndroidManifest.xml:16:17-69
45-->src\main\AndroidManifest.xml:16:25-66
46
47                <category android:name="android.intent.category.LAUNCHER" />
47-->src\main\AndroidManifest.xml:18:17-77
47-->src\main\AndroidManifest.xml:18:27-74
48            </intent-filter>
49        </activity>
50        <activity android:name="com.example.doulingo.MainActivity5Q1" >
50-->src\main\AndroidManifest.xml:42:9-48:20
50-->src\main\AndroidManifest.xml:42:19-50
51            <intent-filter>
51-->src\main\AndroidManifest.xml:15:13-19:29
52                <action android:name="android.intent.action.MAIN" />
52-->src\main\AndroidManifest.xml:16:17-69
52-->src\main\AndroidManifest.xml:16:25-66
53
54                <category android:name="android.intent.category.LAUNCHER" />
54-->src\main\AndroidManifest.xml:18:17-77
54-->src\main\AndroidManifest.xml:18:27-74
55            </intent-filter>
56        </activity>
57        <activity android:name="com.example.doulingo.MainActivity6Q1" >
57-->src\main\AndroidManifest.xml:49:9-55:20
57-->src\main\AndroidManifest.xml:49:19-50
58            <intent-filter>
58-->src\main\AndroidManifest.xml:15:13-19:29
59                <action android:name="android.intent.action.MAIN" />
59-->src\main\AndroidManifest.xml:16:17-69
59-->src\main\AndroidManifest.xml:16:25-66
60
61                <category android:name="android.intent.category.LAUNCHER" />
61-->src\main\AndroidManifest.xml:18:17-77
61-->src\main\AndroidManifest.xml:18:27-74
62            </intent-filter>
63        </activity>
64        <activity android:name="com.example.doulingo.MainActivity2Q2" >
64-->src\main\AndroidManifest.xml:56:9-62:20
64-->src\main\AndroidManifest.xml:56:19-50
65            <intent-filter>
65-->src\main\AndroidManifest.xml:15:13-19:29
66                <action android:name="android.intent.action.MAIN" />
66-->src\main\AndroidManifest.xml:16:17-69
66-->src\main\AndroidManifest.xml:16:25-66
67
68                <category android:name="android.intent.category.LAUNCHER" />
68-->src\main\AndroidManifest.xml:18:17-77
68-->src\main\AndroidManifest.xml:18:27-74
69            </intent-filter>
70        </activity>
71        <activity android:name="com.example.doulingo.MainActivity3Q2" >
71-->src\main\AndroidManifest.xml:63:9-69:20
71-->src\main\AndroidManifest.xml:63:19-50
72            <intent-filter>
72-->src\main\AndroidManifest.xml:15:13-19:29
73                <action android:name="android.intent.action.MAIN" />
73-->src\main\AndroidManifest.xml:16:17-69
73-->src\main\AndroidManifest.xml:16:25-66
74
75                <category android:name="android.intent.category.LAUNCHER" />
75-->src\main\AndroidManifest.xml:18:17-77
75-->src\main\AndroidManifest.xml:18:27-74
76            </intent-filter>
77        </activity>
78        <activity android:name="com.example.doulingo.MainActivity4Q2" >
78-->src\main\AndroidManifest.xml:70:9-76:20
78-->src\main\AndroidManifest.xml:70:19-50
79            <intent-filter>
79-->src\main\AndroidManifest.xml:15:13-19:29
80                <action android:name="android.intent.action.MAIN" />
80-->src\main\AndroidManifest.xml:16:17-69
80-->src\main\AndroidManifest.xml:16:25-66
81
82                <category android:name="android.intent.category.LAUNCHER" />
82-->src\main\AndroidManifest.xml:18:17-77
82-->src\main\AndroidManifest.xml:18:27-74
83            </intent-filter>
84        </activity>
85    </application>
86
87</manifest>